<?xml version="1.0" encoding="UTF-8"?>
<!-- Generated by org.testng.reporters.JUnitXMLReporter -->
<testsuite ignored="0" hostname="DESKTOP-62AVA1A" failures="1" tests="1" name="Test Basics 1" time="9.712" errors="0" timestamp="2022-06-21T18:04:56 IST">
  <testcase classname="com.orange.TEstCase.TC_loginPage" name="loginToChrome" time="6.222">
    <failure type="java.lang.AssertionError" message="expected [true] but found [false]">
      <![CDATA[java.lang.AssertionError: expected [true] but found [false]
at com.orange.TEstCase.TC_loginPage.loginToChrome(TC_loginPage.java:24)
at java.base/java.util.ArrayList.forEach(ArrayList.java:1511)
... Removed 31 stack frames]]>
    </failure>
  </testcase> <!-- loginToChrome -->
</testsuite> <!-- Test Basics 1 -->
